app/build/intermediates/manifest_merge_blame_file/debug/manifest-merger-blame-debug-report.txt
1<?xml version="1.0" encoding="utf-8"?>
2<manifest xmlns:android="http://schemas.android.com/apk/res/android"
3    package="com.zebra.rfidreaderAPI.demo"
4    android:versionCode="116"
5    android:versionName="1.0.2.116" >
6
7    <uses-sdk
8        android:minSdkVersion="26"
9        android:targetSdkVersion="33" />
10
11    <uses-permission android:name="android.permission.BLUETOOTH" />
11-->src/main/AndroidManifest.xml:6:5-68
11-->src/main/AndroidManifest.xml:6:22-65
12    <uses-permission android:name="android.permission.BLUETOOTH_ADMIN" />
12-->src/main/AndroidManifest.xml:7:5-74
12-->src/main/AndroidManifest.xml:7:22-71
13    <uses-permission android:name="android.permission.BLUETOOTH_CONNECT" />
13-->src/main/AndroidManifest.xml:8:5-76
13-->src/main/AndroidManifest.xml:8:22-73
14    <uses-permission android:name="android.permission.BLUETOOTH_SCAN" />
14-->src/main/AndroidManifest.xml:9:5-73
14-->src/main/AndroidManifest.xml:9:22-70
15    <uses-permission android:name="android.permission.BLUETOOTH_ADVERTISE" />
15-->src/main/AndroidManifest.xml:10:5-78
15-->src/main/AndroidManifest.xml:10:22-75
16    <uses-permission android:name="android.permission.INTERNET" />
16-->src/main/AndroidManifest.xml:12:5-67
16-->src/main/AndroidManifest.xml:12:22-64
17    <uses-permission android:name="android.permission.POST_NOTIFICATIONS" />
17-->src/main/AndroidManifest.xml:14:5-77
17-->src/main/AndroidManifest.xml:14:22-74
18    <uses-permission
18-->src/main/AndroidManifest.xml:15:5-16:37
19        android:name="android.permission.WRITE_EXTERNAL_STORAGE"
19-->src/main/AndroidManifest.xml:15:22-78
20        android:maxSdkVersion="28" />
20-->src/main/AndroidManifest.xml:16:9-35
21    <uses-permission android:name="android.permission.READ_EXTERNAL_STORAGE" />
21-->src/main/AndroidManifest.xml:17:5-80
21-->src/main/AndroidManifest.xml:17:22-77
22    <uses-permission android:name="android.permission.ACCESS_COARSE_LOCATION" />
22-->src/main/AndroidManifest.xml:18:5-81
22-->src/main/AndroidManifest.xml:18:22-78
23    <uses-permission android:name="android.permission.ACCESS_FINE_LOCATION" />
23-->src/main/AndroidManifest.xml:19:5-79
23-->src/main/AndroidManifest.xml:19:22-76
24    <uses-permission android:name="android.permission.BLUETOOTH_PRIVILEGED" />
24-->src/main/AndroidManifest.xml:20:5-22:47
24-->src/main/AndroidManifest.xml:21:9-63
25    <uses-permission android:name="android.permission.CHANGE_WIFI_STATE" />
25-->src/main/AndroidManifest.xml:24:5-75
25-->src/main/AndroidManifest.xml:24:22-73
26    <uses-permission android:name="android.permission.ACCESS_WIFI_STATE" />
26-->src/main/AndroidManifest.xml:25:5-75
26-->src/main/AndroidManifest.xml:25:22-73
27    <uses-permission android:name="android.permission.ACCESS_NETWORK_STATE" />
27-->src/main/AndroidManifest.xml:26:5-78
27-->src/main/AndroidManifest.xml:26:22-76
28    <uses-permission android:name="android.permission.CHANGE_NETWORK_STATE" />
28-->src/main/AndroidManifest.xml:27:5-78
28-->src/main/AndroidManifest.xml:27:22-76
29    <uses-permission android:name="android.Manifest.permission.NETWORK_SETTINGS" />
29-->src/main/AndroidManifest.xml:29:5-83
29-->src/main/AndroidManifest.xml:29:22-81
30    <!-- <uses-permission android:name="android.permission.MANAGE_EXTERNAL_STORAGE"/> -->
31    <uses-permission android:name="android.permission.NFC" />
31-->src/main/AndroidManifest.xml:31:5-62
31-->src/main/AndroidManifest.xml:31:22-59
32
33    <uses-feature
33-->src/main/AndroidManifest.xml:32:5-81
34        android:name="android.hardware.nfc"
34-->src/main/AndroidManifest.xml:32:19-54
35        android:required="true" />
35-->src/main/AndroidManifest.xml:32:55-78
36    <uses-feature android:name="android.hardware.camera" />
36-->src/main/AndroidManifest.xml:33:5-60
36-->src/main/AndroidManifest.xml:33:19-57
37
38    <uses-permission android:name="android.permission.CAMERA" />
38-->src/main/AndroidManifest.xml:34:5-65
38-->src/main/AndroidManifest.xml:34:22-62
39
40    <application
40-->src/main/AndroidManifest.xml:36:5-388:19
41        android:name="com.zebra.demo.application.Application"
41-->src/main/AndroidManifest.xml:37:9-48
42        android:allowBackup="false"
42-->src/main/AndroidManifest.xml:38:9-36
43        android:appComponentFactory="androidx.core.app.CoreComponentFactory"
43-->src/main/AndroidManifest.xml:39:9-77
44        android:debuggable="true"
45        android:extractNativeLibs="false"
46        android:icon="@mipmap/ic_launcher"
46-->src/main/AndroidManifest.xml:40:9-43
47        android:label="@string/app_name"
47-->src/main/AndroidManifest.xml:41:9-41
48        android:requestLegacyExternalStorage="true"
48-->src/main/AndroidManifest.xml:42:9-52
49        android:resizeableActivity="false"
49-->src/main/AndroidManifest.xml:43:9-43
50        android:testOnly="true"
51        android:theme="@style/AppTheme" >
51-->src/main/AndroidManifest.xml:44:9-40
52        <activity
52-->src/main/AndroidManifest.xml:47:9-49:52
53            android:name="com.zebra.demo.ManageDeviceActivity"
53-->src/main/AndroidManifest.xml:48:13-49
54            android:screenOrientation="portrait" />
54-->src/main/AndroidManifest.xml:49:13-49
55        <activity
55-->src/main/AndroidManifest.xml:50:9-55:59
56            android:name="com.zebra.demo.scanner.activities.NavigationHelpActivity"
56-->src/main/AndroidManifest.xml:51:13-70
57            android:label="@string/title_activity_navigation_help"
57-->src/main/AndroidManifest.xml:52:13-67
58            android:parentActivityName="com.zebra.demo.scanner.activities.ActiveScannerActivity"
58-->src/main/AndroidManifest.xml:53:13-83
59            android:screenOrientation="portrait"
59-->src/main/AndroidManifest.xml:54:13-49
60            android:theme="@style/AppTheme.NoActionBar" />
60-->src/main/AndroidManifest.xml:55:13-56
61        <activity
61-->src/main/AndroidManifest.xml:56:9-69:20
62            android:name="com.zebra.demo.DeviceDiscoverActivity"
62-->src/main/AndroidManifest.xml:57:13-51
63            android:configChanges="keyboardHidden|screenSize|fontScale"
63-->src/main/AndroidManifest.xml:58:13-72
64            android:exported="true"
64-->src/main/AndroidManifest.xml:63:13-36
65            android:label="@string/app_name"
65-->src/main/AndroidManifest.xml:59:13-45
66            android:screenOrientation="portrait"
66-->src/main/AndroidManifest.xml:60:13-49
67            android:theme="@style/AppTheme.NoActionBar"
67-->src/main/AndroidManifest.xml:61:13-56
68            android:windowSoftInputMode="adjustResize" >
68-->src/main/AndroidManifest.xml:62:13-55
69            <intent-filter>
69-->src/main/AndroidManifest.xml:64:13-68:29
70                <action android:name="android.intent.action.MAIN" />
70-->src/main/AndroidManifest.xml:65:17-69
70-->src/main/AndroidManifest.xml:65:25-66
71
72                <category android:name="android.intent.category.LAUNCHER" />
72-->src/main/AndroidManifest.xml:67:17-77
72-->src/main/AndroidManifest.xml:67:27-74
73            </intent-filter>
74        </activity>
75        <activity
75-->src/main/AndroidManifest.xml:70:9-76:58
76            android:name="com.zebra.demo.rfidreader.settings.SettingsDetailActivity"
76-->src/main/AndroidManifest.xml:71:13-71
77            android:label="@string/title_activity_settings_detail"
77-->src/main/AndroidManifest.xml:72:13-67
78            android:launchMode="singleTask"
78-->src/main/AndroidManifest.xml:73:13-44
79            android:resizeableActivity="false"
79-->src/main/AndroidManifest.xml:74:13-47
80            android:screenOrientation="portrait"
80-->src/main/AndroidManifest.xml:75:13-49
81            android:windowSoftInputMode="adjustResize" />
81-->src/main/AndroidManifest.xml:76:13-55
82
83        <service
83-->src/main/AndroidManifest.xml:78:9-80:40
84            android:name="com.zebra.demo.rfidreader.notifications.NotificationsService"
84-->src/main/AndroidManifest.xml:79:13-74
85            android:exported="false" />
85-->src/main/AndroidManifest.xml:80:13-37
86
87        <receiver
87-->src/main/AndroidManifest.xml:82:9-99:20
88            android:name="com.zebra.demo.rfidreader.notifications.NotificationsReceiver"
88-->src/main/AndroidManifest.xml:83:13-75
89            android:enabled="true"
89-->src/main/AndroidManifest.xml:84:13-35
90            android:exported="false" >
90-->src/main/AndroidManifest.xml:85:13-37
91            <intent-filter>
91-->src/main/AndroidManifest.xml:86:13-98:29
92
93                <!-- Actions to be handled in the background should be registered here -->
94                <action android:name="com.rfidreader.battery.low" />
94-->src/main/AndroidManifest.xml:89:17-69
94-->src/main/AndroidManifest.xml:89:25-66
95                <action android:name="com.rfidreader.battery.critical" />
95-->src/main/AndroidManifest.xml:90:17-74
95-->src/main/AndroidManifest.xml:90:25-71
96                <action android:name="com.rfidreader.battery.charging" />
96-->src/main/AndroidManifest.xml:91:17-74
96-->src/main/AndroidManifest.xml:91:25-71
97                <action android:name="com.rfidreader.disconnected" />
97-->src/main/AndroidManifest.xml:92:17-70
97-->src/main/AndroidManifest.xml:92:25-67
98                <action android:name="com.rfidreader.connected" />
98-->src/main/AndroidManifest.xml:93:17-67
98-->src/main/AndroidManifest.xml:93:25-64
99                <action android:name="com.rfidreader.available" />
99-->src/main/AndroidManifest.xml:94:17-67
99-->src/main/AndroidManifest.xml:94:25-64
100                <action android:name="com.rfidreader.status.received" />
100-->src/main/AndroidManifest.xml:95:17-73
100-->src/main/AndroidManifest.xml:95:25-70
101                <action android:name="com.rfidreader.conn.failed" />
101-->src/main/AndroidManifest.xml:96:17-69
101-->src/main/AndroidManifest.xml:96:25-66
102                <action android:name="com.rfidreader.NFC.outofrange" />
102-->src/main/AndroidManifest.xml:97:17-72
102-->src/main/AndroidManifest.xml:97:25-69
103            </intent-filter>
104        </receiver>
105
106        <activity
106-->src/main/AndroidManifest.xml:101:9-107:64
107            android:name="com.zebra.demo.scanner.activities.ScannerHomeActivity"
107-->src/main/AndroidManifest.xml:102:13-67
108            android:configChanges="orientation|screenSize"
108-->src/main/AndroidManifest.xml:103:13-59
109            android:label="@string/scanner_title"
109-->src/main/AndroidManifest.xml:104:13-50
110            android:launchMode="singleTask"
110-->src/main/AndroidManifest.xml:105:13-44
111            android:screenOrientation="portrait"
111-->src/main/AndroidManifest.xml:106:13-49
112            android:theme="@style/AppThemeLight.NoActionBar" />
112-->src/main/AndroidManifest.xml:107:13-61
113        <activity
113-->src/main/AndroidManifest.xml:108:9-114:52
114            android:name="com.zebra.demo.scanner.activities.PairNewScannerActivity"
114-->src/main/AndroidManifest.xml:109:13-70
115            android:configChanges="orientation|screenSize"
115-->src/main/AndroidManifest.xml:110:13-59
116            android:label="@string/pairing_barcode_title"
116-->src/main/AndroidManifest.xml:111:13-58
117            android:launchMode="singleTask"
117-->src/main/AndroidManifest.xml:112:13-44
118            android:parentActivityName="com.zebra.demo.scanner.activities.ScannersActivity"
118-->src/main/AndroidManifest.xml:113:13-78
119            android:screenOrientation="portrait" />
119-->src/main/AndroidManifest.xml:114:13-49
120        <activity
120-->src/main/AndroidManifest.xml:115:9-118:69
121            android:name="com.zebra.demo.scanner.activities.SplashScreenActivity"
121-->src/main/AndroidManifest.xml:116:13-68
122            android:label="@string/title_activity_home"
122-->src/main/AndroidManifest.xml:117:13-56
123            android:theme="@android:style/Theme.Black.NoTitleBar" />
123-->src/main/AndroidManifest.xml:118:13-66
124        <activity
124-->src/main/AndroidManifest.xml:119:9-124:52
125            android:name="com.zebra.demo.scanner.activities.AboutActivity"
125-->src/main/AndroidManifest.xml:120:13-61
126            android:configChanges="orientation|screenSize"
126-->src/main/AndroidManifest.xml:121:13-59
127            android:label="@string/title_activity_about"
127-->src/main/AndroidManifest.xml:122:13-57
128            android:parentActivityName="com.zebra.demo.scanner.activities.ScannersActivity"
128-->src/main/AndroidManifest.xml:123:13-78
129            android:screenOrientation="portrait" />
129-->src/main/AndroidManifest.xml:124:13-49
130        <activity
130-->src/main/AndroidManifest.xml:125:9-131:52
131            android:name="com.zebra.demo.scanner.activities.ScannersActivity"
131-->src/main/AndroidManifest.xml:126:13-64
132            android:configChanges="orientation|screenSize"
132-->src/main/AndroidManifest.xml:127:13-59
133            android:label="@string/title_activity_scanners"
133-->src/main/AndroidManifest.xml:128:13-60
134            android:launchMode="singleTask"
134-->src/main/AndroidManifest.xml:129:13-44
135            android:parentActivityName="com.zebra.demo.scanner.activities.ScannersActivity"
135-->src/main/AndroidManifest.xml:130:13-78
136            android:screenOrientation="portrait" />
136-->src/main/AndroidManifest.xml:131:13-49
137        <activity
137-->src/main/AndroidManifest.xml:132:9-137:52
138            android:name="com.zebra.demo.scanner.activities.ConnectionHelpActivity2"
138-->src/main/AndroidManifest.xml:133:13-71
139            android:configChanges="orientation|screenSize"
139-->src/main/AndroidManifest.xml:134:13-59
140            android:label="@string/title_activity_scanner_configurations"
140-->src/main/AndroidManifest.xml:135:13-74
141            android:parentActivityName="com.zebra.demo.scanner.activities.ScannersActivity"
141-->src/main/AndroidManifest.xml:136:13-78
142            android:screenOrientation="portrait" />
142-->src/main/AndroidManifest.xml:137:13-49
143        <activity
143-->src/main/AndroidManifest.xml:138:9-143:52
144            android:name="com.zebra.demo.scanner.activities.SettingsActivity"
144-->src/main/AndroidManifest.xml:139:13-64
145            android:configChanges="orientation|screenSize"
145-->src/main/AndroidManifest.xml:140:13-59
146            android:label="@string/title_activity_settings"
146-->src/main/AndroidManifest.xml:141:13-60
147            android:parentActivityName="com.zebra.demo.scanner.activities.ScannersActivity"
147-->src/main/AndroidManifest.xml:142:13-78
148            android:screenOrientation="portrait" />
148-->src/main/AndroidManifest.xml:143:13-49
149        <activity
149-->src/main/AndroidManifest.xml:144:9-149:52
150            android:name="com.zebra.demo.scanner.activities.NotificationsActivity"
150-->src/main/AndroidManifest.xml:145:13-69
151            android:configChanges="orientation|screenSize"
151-->src/main/AndroidManifest.xml:146:13-59
152            android:label="@string/title_activity_notifications"
152-->src/main/AndroidManifest.xml:147:13-65
153            android:parentActivityName="com.zebra.demo.scanner.activities.SettingsActivity"
153-->src/main/AndroidManifest.xml:148:13-78
154            android:screenOrientation="portrait" />
154-->src/main/AndroidManifest.xml:149:13-49
155        <activity
155-->src/main/AndroidManifest.xml:150:9-154:52
156            android:name="com.zebra.demo.scanner.activities.BaseActivity"
156-->src/main/AndroidManifest.xml:151:13-60
157            android:configChanges="orientation|screenSize"
157-->src/main/AndroidManifest.xml:152:13-59
158            android:label="@string/title_activity_base"
158-->src/main/AndroidManifest.xml:153:13-56
159            android:screenOrientation="portrait" />
159-->src/main/AndroidManifest.xml:154:13-49
160
161        <receiver
161-->src/main/AndroidManifest.xml:156:9-171:20
162            android:name="com.zebra.demo.scanner.receivers.NotificationsReceiver"
162-->src/main/AndroidManifest.xml:157:13-68
163            android:enabled="true"
163-->src/main/AndroidManifest.xml:158:13-35
164            android:exported="false" >
164-->src/main/AndroidManifest.xml:159:13-37
165            <intent-filter>
165-->src/main/AndroidManifest.xml:160:13-170:29
166
167                <!-- Actions to be handled should be registered here -->
168                <action android:name="com.zebra.scannercontrol.connected" />
168-->src/main/AndroidManifest.xml:163:17-77
168-->src/main/AndroidManifest.xml:163:25-74
169                <action android:name="com.zebra.scannercontrol.disconnected" />
169-->src/main/AndroidManifest.xml:164:17-80
169-->src/main/AndroidManifest.xml:164:25-77
170                <action android:name="com.zebra.scannercontrol.available" />
170-->src/main/AndroidManifest.xml:165:17-77
170-->src/main/AndroidManifest.xml:165:25-74
171                <action android:name="com.zebra.scannercontrol.conn.failed" />
171-->src/main/AndroidManifest.xml:166:17-79
171-->src/main/AndroidManifest.xml:166:25-76
172                <action android:name="com.zebra.scannercontrol.barcode.received" />
172-->src/main/AndroidManifest.xml:167:17-84
172-->src/main/AndroidManifest.xml:167:25-81
173                <action android:name="com.zebra.scannercontrol.image.received" />
173-->src/main/AndroidManifest.xml:168:17-82
173-->src/main/AndroidManifest.xml:168:25-79
174                <action android:name="com.zebra.scannercontrol.video.received" />
174-->src/main/AndroidManifest.xml:169:17-82
174-->src/main/AndroidManifest.xml:169:25-79
175            </intent-filter>
176        </receiver>
177
178        <activity
178-->src/main/AndroidManifest.xml:173:9-186:20
179            android:name="com.zebra.demo.ActiveDeviceActivity"
179-->src/main/AndroidManifest.xml:174:13-49
180            android:configChanges="orientation|screenSize|fontScale"
180-->src/main/AndroidManifest.xml:175:13-69
181            android:exported="true"
181-->src/main/AndroidManifest.xml:180:13-36
182            android:label="@string/title_activity_active_scanner"
182-->src/main/AndroidManifest.xml:176:13-66
183            android:launchMode="singleTask"
183-->src/main/AndroidManifest.xml:177:13-44
184            android:screenOrientation="portrait"
184-->src/main/AndroidManifest.xml:178:13-49
185            android:theme="@style/AppTheme.NoActionBar" >
185-->src/main/AndroidManifest.xml:179:13-56
186            <intent-filter>
186-->src/main/AndroidManifest.xml:181:13-185:29
187                <action android:name="ActiveDeviceActivity" />
187-->src/main/AndroidManifest.xml:182:17-63
187-->src/main/AndroidManifest.xml:182:25-60
188
189                <category android:name="android.intent.category.DEFAULT" />
189-->src/main/AndroidManifest.xml:184:17-76
189-->src/main/AndroidManifest.xml:184:27-73
190            </intent-filter>
191        </activity>
192        <activity
192-->src/main/AndroidManifest.xml:187:9-200:20
193            android:name="com.zebra.demo.scanner.activities.ActiveScannerActivity"
193-->src/main/AndroidManifest.xml:188:13-69
194            android:configChanges="orientation|screenSize"
194-->src/main/AndroidManifest.xml:189:13-59
195            android:exported="true"
195-->src/main/AndroidManifest.xml:194:13-36
196            android:label="@string/title_activity_active_scanner"
196-->src/main/AndroidManifest.xml:190:13-66
197            android:launchMode="singleTask"
197-->src/main/AndroidManifest.xml:191:13-44
198            android:screenOrientation="portrait"
198-->src/main/AndroidManifest.xml:192:13-49
199            android:theme="@style/AppTheme.NoActionBar" >
199-->src/main/AndroidManifest.xml:193:13-56
200            <intent-filter>
200-->src/main/AndroidManifest.xml:195:13-199:29
201                <action android:name="activities.ActiveScannerActivity" />
201-->src/main/AndroidManifest.xml:196:17-75
201-->src/main/AndroidManifest.xml:196:25-72
202
203                <category android:name="android.intent.category.DEFAULT" />
203-->src/main/AndroidManifest.xml:184:17-76
203-->src/main/AndroidManifest.xml:184:27-73
204            </intent-filter>
205        </activity>
206        <activity
206-->src/main/AndroidManifest.xml:201:9-211:20
207            android:name="com.zebra.demo.scanner.activities.BeeperActionsActivity"
207-->src/main/AndroidManifest.xml:202:13-69
208            android:configChanges="orientation|screenSize"
208-->src/main/AndroidManifest.xml:203:13-59
209            android:label="@string/title_activity_active_scanner"
209-->src/main/AndroidManifest.xml:204:13-66
210            android:parentActivityName="com.zebra.demo.scanner.activities.ActiveScannerActivity"
210-->src/main/AndroidManifest.xml:205:13-83
211            android:screenOrientation="portrait"
211-->src/main/AndroidManifest.xml:206:13-49
212            android:theme="@style/AppTheme.NoActionBar" >
212-->src/main/AndroidManifest.xml:207:13-56
213            <meta-data
213-->src/main/AndroidManifest.xml:208:13-210:77
214                android:name="android.support.PARENT_ACTIVITY"
214-->src/main/AndroidManifest.xml:209:17-63
215                android:value=".scanner.activities.ActiveScannerActivity" />
215-->src/main/AndroidManifest.xml:210:17-74
216        </activity>
217        <activity
217-->src/main/AndroidManifest.xml:212:9-222:20
218            android:name="com.zebra.demo.scanner.activities.LEDActivity"
218-->src/main/AndroidManifest.xml:213:13-59
219            android:configChanges="orientation|screenSize"
219-->src/main/AndroidManifest.xml:214:13-59
220            android:label="@string/title_activity_active_scanner"
220-->src/main/AndroidManifest.xml:215:13-66
221            android:parentActivityName="com.zebra.demo.scanner.activities.ActiveScannerActivity"
221-->src/main/AndroidManifest.xml:216:13-83
222            android:screenOrientation="portrait"
222-->src/main/AndroidManifest.xml:217:13-49
223            android:theme="@style/AppTheme.NoActionBar" >
223-->src/main/AndroidManifest.xml:218:13-56
224            <meta-data
224-->src/main/AndroidManifest.xml:208:13-210:77
225                android:name="android.support.PARENT_ACTIVITY"
225-->src/main/AndroidManifest.xml:209:17-63
226                android:value=".scanner.activities.ActiveScannerActivity" />
226-->src/main/AndroidManifest.xml:210:17-74
227        </activity>
228        <activity
228-->src/main/AndroidManifest.xml:223:9-233:20
229            android:name="com.zebra.demo.scanner.activities.SymbologiesActivity"
229-->src/main/AndroidManifest.xml:224:13-67
230            android:configChanges="orientation|screenSize"
230-->src/main/AndroidManifest.xml:225:13-59
231            android:label="@string/title_activity_active_scanner"
231-->src/main/AndroidManifest.xml:226:13-66
232            android:parentActivityName="com.zebra.demo.scanner.activities.ActiveScannerActivity"
232-->src/main/AndroidManifest.xml:227:13-83
233            android:screenOrientation="portrait"
233-->src/main/AndroidManifest.xml:228:13-49
234            android:theme="@style/AppTheme.NoActionBar" >
234-->src/main/AndroidManifest.xml:229:13-56
235            <meta-data
235-->src/main/AndroidManifest.xml:208:13-210:77
236                android:name="android.support.PARENT_ACTIVITY"
236-->src/main/AndroidManifest.xml:209:17-63
237                android:value=".scanner.activities.ActiveScannerActivity" />
237-->src/main/AndroidManifest.xml:210:17-74
238        </activity>
239        <activity
239-->src/main/AndroidManifest.xml:234:9-243:20
240            android:name="com.zebra.demo.scanner.activities.BeeperSettingsActivity"
240-->src/main/AndroidManifest.xml:235:13-70
241            android:configChanges="orientation|screenSize"
241-->src/main/AndroidManifest.xml:236:13-59
242            android:label="@string/title_activity_active_scanner"
242-->src/main/AndroidManifest.xml:237:13-66
243            android:parentActivityName="com.zebra.demo.scanner.activities.ActiveScannerActivity"
243-->src/main/AndroidManifest.xml:238:13-83
244            android:screenOrientation="portrait" >
244-->src/main/AndroidManifest.xml:239:13-49
245            <meta-data
245-->src/main/AndroidManifest.xml:208:13-210:77
246                android:name="android.support.PARENT_ACTIVITY"
246-->src/main/AndroidManifest.xml:209:17-63
247                android:value=".scanner.activities.ActiveScannerActivity" />
247-->src/main/AndroidManifest.xml:210:17-74
248        </activity>
249        <activity
249-->src/main/AndroidManifest.xml:244:9-253:20
250            android:name="com.zebra.demo.scanner.activities.AvailableScannerActivity"
250-->src/main/AndroidManifest.xml:245:13-72
251            android:configChanges="orientation|screenSize"
251-->src/main/AndroidManifest.xml:246:13-59
252            android:label="@string/title_activity_available_scanner"
252-->src/main/AndroidManifest.xml:247:13-69
253            android:parentActivityName="com.zebra.demo.scanner.activities.ScannersActivity"
253-->src/main/AndroidManifest.xml:248:13-78
254            android:screenOrientation="portrait" >
254-->src/main/AndroidManifest.xml:249:13-49
255            <meta-data
255-->src/main/AndroidManifest.xml:208:13-210:77
256                android:name="android.support.PARENT_ACTIVITY"
256-->src/main/AndroidManifest.xml:209:17-63
257                android:value=".scanner.activities.ScannersActivity" />
257-->src/main/AndroidManifest.xml:210:17-74
258        </activity>
259        <activity
259-->src/main/AndroidManifest.xml:254:9-264:20
260            android:name="com.zebra.demo.scanner.activities.VibrationFeedback"
260-->src/main/AndroidManifest.xml:255:13-65
261            android:configChanges="orientation|screenSize"
261-->src/main/AndroidManifest.xml:256:13-59
262            android:label="@string/title_activity_active_scanner"
262-->src/main/AndroidManifest.xml:257:13-66
263            android:parentActivityName="com.zebra.demo.scanner.activities.ActiveScannerActivity"
263-->src/main/AndroidManifest.xml:258:13-83
264            android:screenOrientation="portrait"
264-->src/main/AndroidManifest.xml:259:13-49
265            android:theme="@style/AppTheme.NoActionBar" >
265-->src/main/AndroidManifest.xml:260:13-56
266            <meta-data
266-->src/main/AndroidManifest.xml:208:13-210:77
267                android:name="android.support.PARENT_ACTIVITY"
267-->src/main/AndroidManifest.xml:209:17-63
268                android:value=".scanner.activities.ActiveScannerActivity" />
268-->src/main/AndroidManifest.xml:210:17-74
269        </activity>
270        <activity
270-->src/main/AndroidManifest.xml:265:9-275:20
271            android:name="com.zebra.demo.scanner.activities.BatteryStatistics"
271-->src/main/AndroidManifest.xml:266:13-65
272            android:configChanges="orientation|screenSize"
272-->src/main/AndroidManifest.xml:267:13-59
273            android:label="@string/title_activity_active_scanner"
273-->src/main/AndroidManifest.xml:268:13-66
274            android:parentActivityName="com.zebra.demo.scanner.activities.ActiveScannerActivity"
274-->src/main/AndroidManifest.xml:269:13-83
275            android:screenOrientation="portrait"
275-->src/main/AndroidManifest.xml:270:13-49
276            android:theme="@style/AppTheme.NoActionBar" >
276-->src/main/AndroidManifest.xml:271:13-56
277            <meta-data
277-->src/main/AndroidManifest.xml:208:13-210:77
278                android:name="android.support.PARENT_ACTIVITY"
278-->src/main/AndroidManifest.xml:209:17-63
279                android:value=".scanner.activities.ActiveScannerActivity" />
279-->src/main/AndroidManifest.xml:210:17-74
280        </activity>
281        <activity
281-->src/main/AndroidManifest.xml:276:9-285:20
282            android:name="com.zebra.demo.scanner.activities.SupportedScanners"
282-->src/main/AndroidManifest.xml:277:13-65
283            android:configChanges="orientation|screenSize"
283-->src/main/AndroidManifest.xml:278:13-59
284            android:label="@string/title_activity_supported_scanners"
284-->src/main/AndroidManifest.xml:279:13-70
285            android:parentActivityName="com.zebra.demo.scanner.activities.ConnectionHelpActivity2"
285-->src/main/AndroidManifest.xml:280:13-85
286            android:screenOrientation="portrait" >
286-->src/main/AndroidManifest.xml:281:13-49
287            <meta-data
287-->src/main/AndroidManifest.xml:208:13-210:77
288                android:name="android.support.PARENT_ACTIVITY"
288-->src/main/AndroidManifest.xml:209:17-63
289                android:value=".scanner.activities.ConnectionHelpActivity2" />
289-->src/main/AndroidManifest.xml:210:17-74
290        </activity>
291        <activity
291-->src/main/AndroidManifest.xml:286:9-295:20
292            android:name="com.zebra.demo.scanner.activities.PairingInstructionsAll"
292-->src/main/AndroidManifest.xml:287:13-70
293            android:configChanges="orientation|screenSize"
293-->src/main/AndroidManifest.xml:288:13-59
294            android:label="@string/title_activity_pairing_instructions_all"
294-->src/main/AndroidManifest.xml:289:13-76
295            android:parentActivityName="com.zebra.demo.scanner.activities.ConnectionHelpActivity2"
295-->src/main/AndroidManifest.xml:290:13-85
296            android:screenOrientation="portrait" >
296-->src/main/AndroidManifest.xml:291:13-49
297            <meta-data
297-->src/main/AndroidManifest.xml:208:13-210:77
298                android:name="android.support.PARENT_ACTIVITY"
298-->src/main/AndroidManifest.xml:209:17-63
299                android:value=".scanner.activities.ConnectionHelpActivity2" />
299-->src/main/AndroidManifest.xml:210:17-74
300        </activity>
301        <activity
301-->src/main/AndroidManifest.xml:296:9-305:20
302            android:name="com.zebra.demo.scanner.activities.PairingInstructionsRFD8500"
302-->src/main/AndroidManifest.xml:297:13-74
303            android:configChanges="orientation|screenSize"
303-->src/main/AndroidManifest.xml:298:13-59